/home/kyberszittya/hakiko-ws/hymeko/hymeko_framework_rust/signedkan_wip/src/signedkan.py:651: UserWarning: Sparse invariant checks are implicitly disabled. Memory errors (e.g. SEGFAULT) will occur when operating on a sparse tensor which violates the invariants, but checks incur performance overhead. To silence this warning, explicitly opt in or out. See `torch.sparse.check_sparse_tensor_invariants.__doc__` for guidance.  (Triggered internally at /pytorch/aten/src/ATen/Context.cpp:760.)
  return torch.sparse_csr_tensor(
/home/kyberszittya/hakiko-ws/hymeko/hymeko_framework_rust/signedkan_wip/src/signedkan.py:651: UserWarning: Sparse CSR tensor support is in beta state. If you miss a functionality in the sparse tensor support, please submit a feature request to https://github.com/pytorch/pytorch/issues. (Triggered internally at /pytorch/aten/src/ATen/SparseCsrTensorImpl.cpp:49.)
  return torch.sparse_csr_tensor(
Traceback (most recent call last):
  File "<frozen runpy>", line 198, in _run_module_as_main
  File "<frozen runpy>", line 88, in _run_code
  File "/home/kyberszittya/hakiko-ws/hymeko/hymeko_framework_rust/signedkan_wip/src/run_final_cell.py", line 778, in <module>
    main()
    ~~~~^^
  File "/home/kyberszittya/hakiko-ws/hymeko/hymeko_framework_rust/signedkan_wip/src/run_final_cell.py", line 759, in main
    out = cell_signed_graph(args.dataset, args.model, args.hidden,
                              args.n_epochs, args.max_k4, device,
                              seed=args.seed)
  File "/home/kyberszittya/hakiko-ws/hymeko/hymeko_framework_rust/signedkan_wip/src/run_final_cell.py", line 447, in cell_signed_graph
    edge_emb = model.encode_edges(per_arity_tr, query_edges=q_tr)
  File "/home/kyberszittya/hakiko-ws/hymeko/hymeko_framework_rust/signedkan_wip/src/mixed_arity_signedkan.py", line 784, in encode_edges
    return self._encode_edges_full(per_arity_inputs, query_edges)
           ~~~~~~~~~~~~~~~~~~~~~~~^^^^^^^^^^^^^^^^^^^^^^^^^^^^^^^
  File "/home/kyberszittya/hakiko-ws/hymeko/hymeko_framework_rust/signedkan_wip/src/mixed_arity_signedkan.py", line 820, in _encode_edges_full
    h_t = layer(h_v, triad_v, triad_sigma)    # (T_k, d)
  File "/home/kyberszittya/miniconda3/lib/python3.13/site-packages/torch/nn/modules/module.py", line 1779, in _wrapped_call_impl
    return self._call_impl(*args, **kwargs)
           ~~~~~~~~~~~~~~~^^^^^^^^^^^^^^^^^
  File "/home/kyberszittya/miniconda3/lib/python3.13/site-packages/torch/nn/modules/module.py", line 1790, in _call_impl
    return forward_call(*args, **kwargs)
  File "/home/kyberszittya/hakiko-ws/hymeko/hymeko_framework_rust/signedkan_wip/src/signedkan.py", line 317, in forward
    return self._forward_impl(x, triad_v, triad_sigma)
           ~~~~~~~~~~~~~~~~~~^^^^^^^^^^^^^^^^^^^^^^^^^
  File "/home/kyberszittya/hakiko-ws/hymeko/hymeko_framework_rust/signedkan_wip/src/signedkan.py", line 364, in _forward_impl
    out_diag = self.outer(agg)                     # (T, S, d)
  File "/home/kyberszittya/miniconda3/lib/python3.13/site-packages/torch/nn/modules/module.py", line 1779, in _wrapped_call_impl
    return self._call_impl(*args, **kwargs)
           ~~~~~~~~~~~~~~~^^^^^^^^^^^^^^^^^
  File "/home/kyberszittya/miniconda3/lib/python3.13/site-packages/torch/nn/modules/module.py", line 1790, in _call_impl
    return forward_call(*args, **kwargs)
  File "/home/kyberszittya/hakiko-ws/hymeko/hymeko_framework_rust/signedkan_wip/src/splines.py", line 392, in forward
    return _catmull_rom_eval(coef_b, x, self.grid)
  File "/home/kyberszittya/hakiko-ws/hymeko/hymeko_framework_rust/signedkan_wip/src/splines.py", line 311, in _catmull_rom_eval
    return w_m1 * P_m1 + w_0 * P_0 + w_p1 * P_p1 + w_p2 * P_p2
           ~~~~~~~~~~~~^~~~~~~~~~~
torch.OutOfMemoryError: CUDA out of memory. Tried to allocate 26.00 MiB. GPU 0 has a total capacity of 7.60 GiB of which 68.62 MiB is free. Process 326874 has 20.08 MiB memory in use. Including non-PyTorch memory, this process has 5.98 GiB memory in use. Of the allocated memory 5.71 GiB is allocated by PyTorch, and 142.93 MiB is reserved by PyTorch but unallocated. If reserved but unallocated memory is large try setting PYTORCH_CUDA_ALLOC_CONF=expandable_segments:True to avoid fragmentation.  See documentation for Memory Management  (https://docs.pytorch.org/docs/stable/notes/cuda.html#optimizing-memory-usage-with-pytorch-cuda-alloc-conf)
